<?xml version="1.0" encoding="UTF-8"?>
<testng-results ignored="1" total="8" passed="6" failed="1" skipped="0">
  <reporter-output>
  </reporter-output>
  <suite started-at="2020-07-25T18:29:36 EDT" name="DummyTests" finished-at="2020-07-25T18:29:36 EDT" duration-ms="129">
    <groups>
      <group name="smoke">
        <method signature="BasicsTestNG.demo2()[pri:0, instance:TestPackage.BasicsTestNG@13c10b87]" name="demo2" class="TestPackage.BasicsTestNG"/>
        <method signature="BasicsTestNG2.test2()[pri:0, instance:TestPackage.BasicsTestNG2@22635ba0]" name="test2" class="TestPackage.BasicsTestNG2"/>
      </group> <!-- smoke -->
    </groups>
    <test started-at="2020-07-25T18:29:36 EDT" name="BasicTests" finished-at="2020-07-25T18:29:36 EDT" duration-ms="48">
      <class name="TestPackage.BasicsTestNG2">
        <test-method is-config="true" signature="Prerequisite()[pri:0, instance:TestPackage.BasicsTestNG2@22635ba0]" started-at="2020-07-25T18:29:36 EDT" name="Prerequisite" finished-at="2020-07-25T18:29:36 EDT" duration-ms="0" status="PASS">
          <reporter-output>
          </reporter-output>
        </test-method> <!-- Prerequisite -->
        <test-method signature="test2()[pri:0, instance:TestPackage.BasicsTestNG2@22635ba0]" started-at="2020-07-25T18:29:36 EDT" name="test2" finished-at="2020-07-25T18:29:36 EDT" duration-ms="1" status="PASS">
          <reporter-output>
          </reporter-output>
        </test-method> <!-- test2 -->
      </class> <!-- TestPackage.BasicsTestNG2 -->
      <class name="TestPackage.BasicsTestNG">
        <test-method signature="demo()[pri:0, instance:TestPackage.BasicsTestNG@13c10b87]" started-at="2020-07-25T18:29:36 EDT" name="demo" finished-at="2020-07-25T18:29:36 EDT" duration-ms="7" status="FAIL">
          <exception class="java.lang.AssertionError">
            <message>
              <![CDATA[expected [false] but found [true]]]>
            </message>
            <full-stacktrace>
              <![CDATA[java.lang.AssertionError: expected [false] but found [true]
at org.testng.Assert.fail(Assert.java:97)
at org.testng.Assert.failNotEquals(Assert.java:968)
at org.testng.Assert.assertFalse(Assert.java:65)
at org.testng.Assert.assertFalse(Assert.java:75)
at TestPackage.BasicsTestNG.demo(BasicsTestNG.java:18)
at java.base/jdk.internal.reflect.NativeMethodAccessorImpl.invoke0(Native Method)
at java.base/jdk.internal.reflect.NativeMethodAccessorImpl.invoke(NativeMethodAccessorImpl.java:62)
at java.base/jdk.internal.reflect.DelegatingMethodAccessorImpl.invoke(DelegatingMethodAccessorImpl.java:43)
at java.base/java.lang.reflect.Method.invoke(Method.java:564)
at org.testng.internal.MethodInvocationHelper.invokeMethod(MethodInvocationHelper.java:135)
at org.testng.internal.TestInvoker.invokeMethod(TestInvoker.java:598)
at org.testng.internal.TestInvoker.invokeTestMethod(TestInvoker.java:174)
at org.testng.internal.MethodRunner.runInSequence(MethodRunner.java:46)
at org.testng.internal.TestInvoker$MethodInvocationAgent.invoke(TestInvoker.java:821)
at org.testng.internal.TestInvoker.invokeTestMethods(TestInvoker.java:147)
at org.testng.internal.TestMethodWorker.invokeTestMethods(TestMethodWorker.java:146)
at org.testng.internal.TestMethodWorker.run(TestMethodWorker.java:128)
at java.base/java.util.ArrayList.forEach(ArrayList.java:1510)
at org.testng.TestRunner.privateRun(TestRunner.java:767)
at org.testng.TestRunner.run(TestRunner.java:588)
at org.testng.SuiteRunner.runTest(SuiteRunner.java:384)
at org.testng.SuiteRunner.runSequentially(SuiteRunner.java:378)
at org.testng.SuiteRunner.privateRun(SuiteRunner.java:337)
at org.testng.SuiteRunner.run(SuiteRunner.java:286)
at org.testng.SuiteRunnerWorker.runSuite(SuiteRunnerWorker.java:53)
at org.testng.SuiteRunnerWorker.run(SuiteRunnerWorker.java:96)
at org.testng.TestNG.runSuitesSequentially(TestNG.java:1214)
at org.testng.TestNG.runSuitesLocally(TestNG.java:1136)
at org.testng.TestNG.runSuites(TestNG.java:1066)
at org.testng.TestNG.run(TestNG.java:1034)
at org.testng.remote.AbstractRemoteTestNG.run(AbstractRemoteTestNG.java:115)
at org.testng.remote.RemoteTestNG.initAndRun(RemoteTestNG.java:251)
at org.testng.remote.RemoteTestNG.main(RemoteTestNG.java:77)
]]>
            </full-stacktrace>
          </exception> <!-- java.lang.AssertionError -->
          <reporter-output>
          </reporter-output>
        </test-method> <!-- demo -->
        <test-method signature="demo2()[pri:0, instance:TestPackage.BasicsTestNG@13c10b87]" started-at="2020-07-25T18:29:36 EDT" name="demo2" finished-at="2020-07-25T18:29:36 EDT" duration-ms="2" status="PASS">
          <reporter-output>
          </reporter-output>
        </test-method> <!-- demo2 -->
        <test-method is-config="true" signature="demo3()[pri:0, instance:TestPackage.BasicsTestNG@13c10b87]" started-at="2020-07-25T18:29:36 EDT" name="demo3" finished-at="2020-07-25T18:29:36 EDT" duration-ms="0" status="PASS">
          <reporter-output>
          </reporter-output>
        </test-method> <!-- demo3 -->
      </class> <!-- TestPackage.BasicsTestNG -->
    </test> <!-- BasicTests -->
    <test started-at="2020-07-25T18:29:36 EDT" name="Car Loan" finished-at="2020-07-25T18:29:36 EDT" duration-ms="20">
      <class name="TestPackage.Basics3">
        <test-method is-config="true" signature="MobileLoginCarLoanCopyBeforeSuite()[pri:0, instance:TestPackage.Basics3@6973bf95]" started-at="2020-07-25T18:29:36 EDT" name="MobileLoginCarLoanCopyBeforeSuite" finished-at="2020-07-25T18:29:36 EDT" duration-ms="8" status="PASS">
          <reporter-output>
          </reporter-output>
        </test-method> <!-- MobileLoginCarLoanCopyBeforeSuite -->
        <test-method is-config="true" signature="TestBeforeMethod()[pri:0, instance:TestPackage.Basics3@6973bf95]" started-at="2020-07-25T18:29:36 EDT" name="TestBeforeMethod" finished-at="2020-07-25T18:29:36 EDT" duration-ms="0" status="PASS">
          <reporter-output>
          </reporter-output>
        </test-method> <!-- TestBeforeMethod -->
        <test-method signature="MobileLoginCarLoan()[pri:0, instance:TestPackage.Basics3@6973bf95]" started-at="2020-07-25T18:29:36 EDT" name="MobileLoginCarLoan" finished-at="2020-07-25T18:29:36 EDT" duration-ms="1" status="PASS">
          <reporter-output>
          </reporter-output>
        </test-method> <!-- MobileLoginCarLoan -->
        <test-method is-config="true" signature="TestBeforeMethod()[pri:0, instance:TestPackage.Basics3@6973bf95]" started-at="2020-07-25T18:29:36 EDT" name="TestBeforeMethod" finished-at="2020-07-25T18:29:36 EDT" duration-ms="1" status="PASS">
          <reporter-output>
          </reporter-output>
        </test-method> <!-- TestBeforeMethod -->
        <test-method signature="MobileLoginCarLoan2()[pri:0, instance:TestPackage.Basics3@6973bf95]" started-at="2020-07-25T18:29:36 EDT" name="MobileLoginCarLoan2" finished-at="2020-07-25T18:29:36 EDT" duration-ms="1" status="PASS">
          <reporter-output>
          </reporter-output>
        </test-method> <!-- MobileLoginCarLoan2 -->
        <test-method is-config="true" signature="TestBeforeMethod()[pri:0, instance:TestPackage.Basics3@6973bf95]" started-at="2020-07-25T18:29:36 EDT" name="TestBeforeMethod" finished-at="2020-07-25T18:29:36 EDT" duration-ms="0" status="PASS">
          <reporter-output>
          </reporter-output>
        </test-method> <!-- TestBeforeMethod -->
        <test-method signature="loginApi()[pri:0, instance:TestPackage.Basics3@6973bf95]" started-at="2020-07-25T18:29:36 EDT" name="loginApi" finished-at="2020-07-25T18:29:36 EDT" duration-ms="2" status="PASS">
          <reporter-output>
          </reporter-output>
        </test-method> <!-- loginApi -->
        <test-method is-config="true" signature="TestBeforeMethod()[pri:0, instance:TestPackage.Basics3@6973bf95]" started-at="2020-07-25T18:29:36 EDT" name="TestBeforeMethod" finished-at="2020-07-25T18:29:36 EDT" duration-ms="1" status="PASS">
          <reporter-output>
          </reporter-output>
        </test-method> <!-- TestBeforeMethod -->
        <test-method signature="webloginCarLoan()[pri:0, instance:TestPackage.Basics3@6973bf95]" started-at="2020-07-25T18:29:36 EDT" name="webloginCarLoan" finished-at="2020-07-25T18:29:36 EDT" duration-ms="2" status="PASS">
          <reporter-output>
          </reporter-output>
        </test-method> <!-- webloginCarLoan -->
      </class> <!-- TestPackage.Basics3 -->
      <class name="TestPackage.BasicsTestNG">
        <test-method is-config="true" signature="demo4AfterSuite()[pri:0, instance:TestPackage.BasicsTestNG@13c10b87]" started-at="2020-07-25T18:29:36 EDT" name="demo4AfterSuite" finished-at="2020-07-25T18:29:36 EDT" duration-ms="0" status="PASS">
          <reporter-output>
          </reporter-output>
        </test-method> <!-- demo4AfterSuite -->
      </class> <!-- TestPackage.BasicsTestNG -->
    </test> <!-- Car Loan -->
  </suite> <!-- DummyTests -->
</testng-results>
